0 info it worked if it ends with ok
1 verbose cli [ 'node', '/usr/local/bin/npm', 'install', '-g', 'yo' ]
2 info using npm@2.1.9
3 info using node@v0.10.33
4 verbose node symlink /usr/local/bin/node
5 silly cache add args [ 'yo', null ]
6 verbose cache add spec yo
7 silly cache add parsed spec { raw: 'yo',
7 silly cache add   scope: null,
7 silly cache add   name: 'yo',
7 silly cache add   rawSpec: '',
7 silly cache add   spec: '*',
7 silly cache add   type: 'range' }
8 verbose addNamed yo@*
9 silly addNamed semver.valid null
10 silly addNamed semver.validRange *
11 silly addNameRange { name: 'yo', range: '*', hasData: false }
12 silly mapToRegistry name yo
13 silly mapToRegistry using default registry
14 silly mapToRegistry registry https://registry.npmjs.org/
15 silly mapToRegistry uri https://registry.npmjs.org/yo
16 verbose addNameRange registry:https://registry.npmjs.org/yo not in flight; fetching
17 verbose request uri https://registry.npmjs.org/yo
18 verbose request no auth needed
19 info attempt registry request try #1 at 18:45:43
20 verbose request id 99def94ac64e5fda
21 verbose etag "AGU2JCGCL8S4N90QSW2688813"
22 http request GET https://registry.npmjs.org/yo
23 http 200 https://registry.npmjs.org/yo
24 silly get cb [ 200,
24 silly get   { date: 'Sun, 15 Feb 2015 18:45:38 GMT',
24 silly get     server: 'CouchDB/1.6.1 (Erlang OTP/R14B04)',
24 silly get     etag: '"DXB8MDWPDSTCV9EYIQRNKU9S0"',
24 silly get     'content-type': 'application/json',
24 silly get     'cache-control': 'max-age=60',
24 silly get     'content-length': '28415',
24 silly get     'accept-ranges': 'bytes',
24 silly get     via: '1.1 varnish',
24 silly get     age: '59',
24 silly get     'x-served-by': 'cache-fra1227-FRA',
24 silly get     'x-cache': 'HIT',
24 silly get     'x-cache-hits': '1',
24 silly get     'x-timer': 'S1424025938.839274,VS0,VE0',
24 silly get     vary: 'Accept',
24 silly get     'keep-alive': 'timeout=10, max=50',
24 silly get     connection: 'Keep-Alive' } ]
25 silly addNameRange number 2 { name: 'yo', range: '*', hasData: true }
26 silly addNameRange versions [ 'yo',
26 silly addNameRange   [ '1.1.0',
26 silly addNameRange     '1.1.1',
26 silly addNameRange     '1.1.2',
26 silly addNameRange     '1.2.0',
26 silly addNameRange     '1.2.1',
26 silly addNameRange     '1.3.0',
26 silly addNameRange     '1.3.2',
26 silly addNameRange     '1.3.3',
26 silly addNameRange     '1.4.1',
26 silly addNameRange     '1.4.2',
26 silly addNameRange     '1.4.4',
26 silly addNameRange     '1.4.5' ] ]
27 verbose addNamed yo@1.4.5
28 silly addNamed semver.valid 1.4.5
29 silly addNamed semver.validRange 1.4.5
30 silly mapToRegistry name yo
31 silly mapToRegistry using default registry
32 silly mapToRegistry registry https://registry.npmjs.org/
33 silly mapToRegistry uri https://registry.npmjs.org/yo
34 verbose addRemoteTarball https://registry.npmjs.org/yo/-/yo-1.4.5.tgz not in flight; adding
35 verbose addRemoteTarball [ 'https://registry.npmjs.org/yo/-/yo-1.4.5.tgz',
35 verbose addRemoteTarball   'd7b66bb9079db2412178409c9709be687435cc02' ]
36 info retry fetch attempt 1 at 18:45:44
37 info attempt registry request try #1 at 18:45:44
38 http fetch GET https://registry.npmjs.org/yo/-/yo-1.4.5.tgz
39 http fetch 200 https://registry.npmjs.org/yo/-/yo-1.4.5.tgz
40 silly fetchAndShaCheck shasum d7b66bb9079db2412178409c9709be687435cc02
41 verbose addTmpTarball /var/folders/pd/dfvg65xx0k33v4twqyjktdx80000gn/T/npm-7352-496f0b17/registry.npmjs.org/yo/-/yo-1.4.5.tgz not in flight; adding
42 verbose addTmpTarball already have metadata; skipping unpack for yo@1.4.5
43 silly cache afterAdd yo@1.4.5
44 verbose afterAdd /Users/joejuzl/.npm/yo/1.4.5/package/package.json not in flight; writing
45 verbose afterAdd /Users/joejuzl/.npm/yo/1.4.5/package/package.json written
46 silly install resolved [ { name: 'yo',
46 silly install resolved     version: '1.4.5',
46 silly install resolved     description: 'CLI tool for running Yeoman generators',
46 silly install resolved     license: 'BSD',
46 silly install resolved     bin: { yo: 'lib/cli.js' },
46 silly install resolved     author: { name: 'Yeoman team' },
46 silly install resolved     repository: { type: 'git', url: 'https://github.com/yeoman/yo' },
46 silly install resolved     engines: { node: '>=0.10.0', npm: '>=2.1.0' },
46 silly install resolved     scripts:
46 silly install resolved      { test: 'jshint . && mocha test/**/*.js',
46 silly install resolved        postinstall: 'yodoctor',
46 silly install resolved        postupdate: 'yodoctor',
46 silly install resolved        prepublish: 'nsp audit-package' },
46 silly install resolved     files: [ 'lib' ],
46 silly install resolved     keywords:
46 silly install resolved      [ 'cli-app',
46 silly install resolved        'cli',
46 silly install resolved        'bin',
46 silly install resolved        'front-end',
46 silly install resolved        'development',
46 silly install resolved        'dev',
46 silly install resolved        'build',
46 silly install resolved        'web',
46 silly install resolved        'tool',
46 silly install resolved        'scaffold',
46 silly install resolved        'stack',
46 silly install resolved        'yeoman',
46 silly install resolved        'generator',
46 silly install resolved        'generate',
46 silly install resolved        'app',
46 silly install resolved        'boilerplate' ],
46 silly install resolved     dependencies:
46 silly install resolved      { 'array-uniq': '^1.0.2',
46 silly install resolved        async: '^0.9.0',
46 silly install resolved        chalk: '^0.5.1',
46 silly install resolved        configstore: '^0.3.1',
46 silly install resolved        'cross-spawn': '^0.2.3',
46 silly install resolved        figures: '^1.3.5',
46 silly install resolved        findup: '^0.1.5',
46 silly install resolved        fullname: '^1.0.0',
46 silly install resolved        'humanize-string': '^1.0.0',
46 silly install resolved        inquirer: '^0.8.0',
46 silly install resolved        insight: '^0.5.0',
46 silly install resolved        lodash: '^2.4.1',
46 silly install resolved        meow: '^3.0.0',
46 silly install resolved        'npm-keyword': '^1.0.1',
46 silly install resolved        opn: '^1.0.0',
46 silly install resolved        'package-json': '^1.0.1',
46 silly install resolved        'root-check': '^1.0.0',
46 silly install resolved        'sort-on': '^1.0.0',
46 silly install resolved        'string-length': '^1.0.0',
46 silly install resolved        titleize: '^1.0.0',
46 silly install resolved        'update-notifier': '^0.3.0',
46 silly install resolved        'user-home': '^1.1.0',
46 silly install resolved        'yeoman-character': '^1.0.0',
46 silly install resolved        'yeoman-doctor': '^1.0.0',
46 silly install resolved        'yeoman-environment': '^1.0.1',
46 silly install resolved        yosay: '^1.0.0' },
46 silly install resolved     devDependencies:
46 silly install resolved      { jshint: '^2.5.11',
46 silly install resolved        mocha: '^2.1.0',
46 silly install resolved        mockery: '^1.4.0',
46 silly install resolved        nock: '^0.57.0',
46 silly install resolved        nsp: '*',
46 silly install resolved        proxyquire: '^1.0.1',
46 silly install resolved        'registry-url': '^2.1.0',
46 silly install resolved        sinon: '^1.12.1' },
46 silly install resolved     engineStrict: true,
46 silly install resolved     preferGlobal: true,
46 silly install resolved     gitHead: 'c9194535c38b1a684b20a4a642190b9c293b01c1',
46 silly install resolved     bugs: { url: 'https://github.com/yeoman/yo/issues' },
46 silly install resolved     homepage: 'https://github.com/yeoman/yo',
46 silly install resolved     _id: 'yo@1.4.5',
46 silly install resolved     _shasum: 'd7b66bb9079db2412178409c9709be687435cc02',
46 silly install resolved     _from: 'yo@*',
46 silly install resolved     _npmVersion: '1.4.28',
46 silly install resolved     _npmUser: { name: 'sindresorhus', email: 'sindresorhus@gmail.com' },
46 silly install resolved     maintainers: [ [Object], [Object], [Object], [Object], [Object], [Object] ],
46 silly install resolved     dist:
46 silly install resolved      { shasum: 'd7b66bb9079db2412178409c9709be687435cc02',
46 silly install resolved        tarball: 'http://registry.npmjs.org/yo/-/yo-1.4.5.tgz' },
46 silly install resolved     directories: {},
46 silly install resolved     _resolved: 'https://registry.npmjs.org/yo/-/yo-1.4.5.tgz' } ]
47 info install yo@1.4.5 into /usr/local/lib
48 info installOne yo@1.4.5
49 verbose installOne of yo to /usr/local/lib not in flight; installing
50 verbose lock using /Users/joejuzl/.npm/_locks/yo-c80abb7e04f27e35.lock for /usr/local/lib/node_modules/yo
51 silly install write writing yo 1.4.5 to /usr/local/lib/node_modules/yo
52 silly cache addNamed cb yo@1.4.5
53 verbose unbuild lib/node_modules/yo
54 info preuninstall yo@1.3.3
55 info uninstall yo@1.3.3
56 verbose unbuild rmStuff yo@1.3.3 from /usr/local/lib/node_modules
57 verbose gentlyRm verifying that /usr/local is managed by npm
58 silly cacheAndTest /usr/local is not inside /usr/local/lib/node_modules
59 silly isManaged /usr/local is not inside /usr/local/lib/node_modules
60 silly cacheAndTest /usr/local is not inside /usr/local/bin
61 silly cacheAndTest /usr/local is inside /usr/local
62 silly gentlyRm /usr/local is managed by npm
63 silly gentlyRm /usr/local/bin/yo is under /usr/local
64 verbose gentlyRm vacuuming /usr/local/bin/yo up to /usr/local
65 silly gentlyRm removing /usr/local/bin/yo
66 silly gentlyRm quitting because other entries in /usr/local/bin
67 info postuninstall yo@1.3.3
68 verbose gentlyRm vacuuming /usr/local/lib/node_modules/yo
69 silly gentlyRm purging /usr/local/lib/node_modules/yo
70 verbose unlock done using /Users/joejuzl/.npm/_locks/yo-c80abb7e04f27e35.lock for /usr/local/lib/node_modules/yo
71 verbose stack Error: EACCES, unlink '/usr/local/lib/node_modules/yo/cli.js'
72 verbose cwd /Users/joejuzl/Development/cb/app
73 error Darwin 14.1.0
74 error argv "node" "/usr/local/bin/npm" "install" "-g" "yo"
75 error node v0.10.33
76 error npm  v2.1.9
77 error path /usr/local/lib/node_modules/yo/cli.js
78 error code EACCES
79 error errno 3
80 error Error: EACCES, unlink '/usr/local/lib/node_modules/yo/cli.js'
80 error  { [Error: EACCES, unlink '/usr/local/lib/node_modules/yo/cli.js']
80 error   errno: 3,
80 error   code: 'EACCES',
80 error   path: '/usr/local/lib/node_modules/yo/cli.js' }
81 error Please try running this command again as root/Administrator.
82 verbose exit [ 3, true ]
83 verbose unbuild lib/node_modules/yo
84 info preuninstall yo@1.3.3
85 info uninstall yo@1.3.3
86 verbose unbuild rmStuff yo@1.3.3 from /usr/local/lib/node_modules
87 verbose gentlyRm verifying that /usr/local is managed by npm
88 silly isManaged /usr/local is not inside /usr/local/lib/node_modules
89 silly isManaged /usr/local is not inside /usr/local/lib/node_modules
90 silly isManaged /usr/local is not inside /usr/local/bin
91 silly isManaged /usr/local is inside /usr/local
92 silly gentlyRm /usr/local is managed by npm
93 silly gentlyRm /usr/local/bin/yo is under /usr/local
94 verbose gentlyRm vacuuming /usr/local/bin/yo up to /usr/local
95 info postuninstall yo@1.3.3
96 verbose gentlyRm vacuuming /usr/local/lib/node_modules/yo
97 silly gentlyRm purging /usr/local/lib/node_modules/yo
98 error error rolling back Error: EACCES, unlink '/usr/local/lib/node_modules/yo/cli.js'
98 error error rolling back  { [Error: EACCES, unlink '/usr/local/lib/node_modules/yo/cli.js']
98 error error rolling back   errno: 3,
98 error error rolling back   code: 'EACCES',
98 error error rolling back   path: '/usr/local/lib/node_modules/yo/cli.js' }
